<?xml version="1.0" encoding="UTF-8"?>
<!-- Generated by org.testng.reporters.JUnitReportReporter -->
<testsuite hostname="Admin" failures="0" tests="3" name="example.CrossBrowserScript" time="61.076" errors="1" timestamp="30 Jun 2018 17:14:06 GMT" skipped="1">
  <testcase classname="example.CrossBrowserScript" name="testParameterWithXML" time="0.000">
    <skipped/>
  </testcase> <!-- testParameterWithXML -->
  <testcase classname="example.CrossBrowserScript" name="testParameterWithXML" time="13.291"/>
  <testcase classname="example.CrossBrowserScript" name="setup" time="47.785">
    <error message="Failed to connect to binary FirefoxBinary(C:\Program Files\Mozilla Firefox\firefox.exe) on port 7055; process output follows: 
378816673	addons.manager	DEBUG	Provider finished startup: XPIProvider
1530378816673	addons.manager	DEBUG	Starting provider: LightweightThemeManager
1530378816673	addons.manager	DEBUG	Registering shutdown blocker for LightweightThemeManager
1530378816674	addons.manager	DEBUG	Provider finished startup: LightweightThemeManager
1530378816675	addons.manager	DEBUG	Starting provider: GMPProvider
1530378816699	addons.manager	DEBUG	Registering shutdown blocker for GMPProvider
1530378816699	addons.manager	DEBUG	Provider finished startup: GMPProvider
1530378816699	addons.manager	DEBUG	Starting provider: PluginProvider
1530378816700	addons.manager	DEBUG	Registering shutdown blocker for PluginProvider
1530378816700	addons.manager	DEBUG	Provider finished startup: PluginProvider
1530378816701	addons.manager	DEBUG	Completed startup sequence
Crash Annotation GraphicsCriticalError: |[0][GFX1-]: Failed to connect GPU process (t=66.4929) [GFX1-]: Failed to connect GPU process
Crash Annotation GraphicsCriticalError: |[C0][GFX1-]: Could not get a DXGI adapter (t=31.4022) [GFX1-]: Could not get a DXGI adapter
Crash Annotation GraphicsCriticalError: |[0][GFX1-]: Failed to connect GPU process (t=66.4929) |[1][GFX1-]: [D3D11] failed to get compositor device. (t=84.1707) [GFX1-]: [D3D11] failed to get compositor device.
Crash Annotation GraphicsCriticalError: |[0][GFX1-]: Failed to connect GPU process (t=66.4929) |[1][GFX1-]: [D3D11] failed to get compositor device. (t=84.1707) |[2][GFX1-]: [D3D11] Failed to init compositor with reason: FEATURE_FAILURE_D3D11_NO_DEVICE (t=84.1707) [GFX1-]: [D3D11] Failed to init compositor with reason: FEATURE_FAILURE_D3D11_NO_DEVICE
1530378843720	addons.xpi	DEBUG	Calling bootstrap method shutdown on webcompat@mozilla.org version 1.1
1530378843721	addons.xpi	DEBUG	Calling bootstrap method shutdown on screenshots@mozilla.org version 30.1.0
1530378843722	addons.xpi	DEBUG	Calling bootstrap method shutdown on onboarding@mozilla.org version 1.0
1530378843723	addons.xpi	DEBUG	Calling bootstrap method shutdown on formautofill@mozilla.org version 1.0
1530378843724	addons.xpi	DEBUG	Calling bootstrap method shutdown on followonsearch@mozilla.com version 0.9.6
1530378843725	addons.xpi	DEBUG	Calling bootstrap method shutdown on firefox@getpocket.com version 1.0.5
1530378843725	addons.xpi	DEBUG	Calling bootstrap method shutdown on aushelper@mozilla.org version 2.0
1530378843726	addons.xpi	DEBUG	Calling bootstrap method shutdown on activity-stream@mozilla.org version 2018.04.20.1103-b3b95672
Unable to read VR Path Registry from C:\Users\Hai\AppData\Local\openvr\openvrpaths.vrpath
JavaScript error: resource://gre/modules/AutoCompletePopup.jsm, line 109: NS_ERROR_FAILURE: Component returned failure code: 0x80004005 (NS_ERROR_FAILURE) [nsIObserverService.removeObserver]
1530378845401	addons.repository	DEBUG	No addons.json found.
1530378845548	addons.manager	DEBUG	Starting provider: PreviousExperimentProvider
1530378845548	addons.manager	DEBUG	Registering shutdown blocker for PreviousExperimentProvider
1530378845549	addons.manager	DEBUG	Provider finished startup: PreviousExperimentProvider
IPDL protocol error: Handler returned error code!

###!!! [Parent][DispatchAsyncMessage] Error: PLayerTransaction::Msg_ReleaseLayer Processing error: message was deserialized, but the handler returned false (indicating failure)

IPDL protocol error: Handler returned error code!

###!!! [Parent][DispatchAsyncMessage] Error: PLayerTransaction::Msg_ReleaseLayer Processing error: message was deserialized, but the handler returned false (indicating failure)

IPDL protocol error: Handler returned error code!

###!!! [Parent][DispatchAsyncMessage] Error: PLayerTransaction::Msg_ReleaseLayer Processing error: message was deserialized, but the handler returned false (indicating failure)

IPDL protocol error: Handler returned error code!

###!!! [Parent][DispatchAsyncMessage] Error: PLayerTransaction::Msg_ReleaseLayer Processing error: message was deserialized, but the handler returned false (indicating failure)


Build info: version: &#039;2.45.0&#039;, revision: &#039;5017cb8e7ca8e37638dc3091b2440b90a1d8686f&#039;, time: &#039;2015-02-27 09:10:26&#039;
System info: host: &#039;Admin&#039;, ip: &#039;192.168.1.7&#039;, os.name: &#039;Windows 8.1&#039;, os.arch: &#039;amd64&#039;, os.version: &#039;6.3&#039;, java.version: &#039;10&#039;
Driver info: driver.version: FirefoxDriver" type="org.openqa.selenium.WebDriverException">
      <![CDATA[org.openqa.selenium.WebDriverException: Failed to connect to binary FirefoxBinary(C:\Program Files\Mozilla Firefox\firefox.exe) on port 7055; process output follows: 
378816673addons.managerDEBUGProvider finished startup: XPIProvider
1530378816673addons.managerDEBUGStarting provider: LightweightThemeManager
1530378816673addons.managerDEBUGRegistering shutdown blocker for LightweightThemeManager
1530378816674addons.managerDEBUGProvider finished startup: LightweightThemeManager
1530378816675addons.managerDEBUGStarting provider: GMPProvider
1530378816699addons.managerDEBUGRegistering shutdown blocker for GMPProvider
1530378816699addons.managerDEBUGProvider finished startup: GMPProvider
1530378816699addons.managerDEBUGStarting provider: PluginProvider
1530378816700addons.managerDEBUGRegistering shutdown blocker for PluginProvider
1530378816700addons.managerDEBUGProvider finished startup: PluginProvider
1530378816701addons.managerDEBUGCompleted startup sequence
Crash Annotation GraphicsCriticalError: |[0][GFX1-]: Failed to connect GPU process (t=66.4929) [GFX1-]: Failed to connect GPU process
Crash Annotation GraphicsCriticalError: |[C0][GFX1-]: Could not get a DXGI adapter (t=31.4022) [GFX1-]: Could not get a DXGI adapter
Crash Annotation GraphicsCriticalError: |[0][GFX1-]: Failed to connect GPU process (t=66.4929) |[1][GFX1-]: [D3D11] failed to get compositor device. (t=84.1707) [GFX1-]: [D3D11] failed to get compositor device.
Crash Annotation GraphicsCriticalError: |[0][GFX1-]: Failed to connect GPU process (t=66.4929) |[1][GFX1-]: [D3D11] failed to get compositor device. (t=84.1707) |[2][GFX1-]: [D3D11] Failed to init compositor with reason: FEATURE_FAILURE_D3D11_NO_DEVICE (t=84.1707) [GFX1-]: [D3D11] Failed to init compositor with reason: FEATURE_FAILURE_D3D11_NO_DEVICE
1530378843720addons.xpiDEBUGCalling bootstrap method shutdown on webcompat@mozilla.org version 1.1
1530378843721addons.xpiDEBUGCalling bootstrap method shutdown on screenshots@mozilla.org version 30.1.0
1530378843722addons.xpiDEBUGCalling bootstrap method shutdown on onboarding@mozilla.org version 1.0
1530378843723addons.xpiDEBUGCalling bootstrap method shutdown on formautofill@mozilla.org version 1.0
1530378843724addons.xpiDEBUGCalling bootstrap method shutdown on followonsearch@mozilla.com version 0.9.6
1530378843725addons.xpiDEBUGCalling bootstrap method shutdown on firefox@getpocket.com version 1.0.5
1530378843725addons.xpiDEBUGCalling bootstrap method shutdown on aushelper@mozilla.org version 2.0
1530378843726addons.xpiDEBUGCalling bootstrap method shutdown on activity-stream@mozilla.org version 2018.04.20.1103-b3b95672
Unable to read VR Path Registry from C:\Users\Hai\AppData\Local\openvr\openvrpaths.vrpath
JavaScript error: resource://gre/modules/AutoCompletePopup.jsm, line 109: NS_ERROR_FAILURE: Component returned failure code: 0x80004005 (NS_ERROR_FAILURE) [nsIObserverService.removeObserver]
1530378845401addons.repositoryDEBUGNo addons.json found.
1530378845548addons.managerDEBUGStarting provider: PreviousExperimentProvider
1530378845548addons.managerDEBUGRegistering shutdown blocker for PreviousExperimentProvider
1530378845549addons.managerDEBUGProvider finished startup: PreviousExperimentProvider
IPDL protocol error: Handler returned error code!

###!!! [Parent][DispatchAsyncMessage] Error: PLayerTransaction::Msg_ReleaseLayer Processing error: message was deserialized, but the handler returned false (indicating failure)

IPDL protocol error: Handler returned error code!

###!!! [Parent][DispatchAsyncMessage] Error: PLayerTransaction::Msg_ReleaseLayer Processing error: message was deserialized, but the handler returned false (indicating failure)

IPDL protocol error: Handler returned error code!

###!!! [Parent][DispatchAsyncMessage] Error: PLayerTransaction::Msg_ReleaseLayer Processing error: message was deserialized, but the handler returned false (indicating failure)

IPDL protocol error: Handler returned error code!

###!!! [Parent][DispatchAsyncMessage] Error: PLayerTransaction::Msg_ReleaseLayer Processing error: message was deserialized, but the handler returned false (indicating failure)


Build info: version: '2.45.0', revision: '5017cb8e7ca8e37638dc3091b2440b90a1d8686f', time: '2015-02-27 09:10:26'
System info: host: 'Admin', ip: '192.168.1.7', os.name: 'Windows 8.1', os.arch: 'amd64', os.version: '6.3', java.version: '10'
Driver info: driver.version: FirefoxDriver
at org.openqa.selenium.firefox.internal.NewProfileExtensionConnection.start(NewProfileExtensionConnection.java:134)
at org.openqa.selenium.firefox.FirefoxDriver.startClient(FirefoxDriver.java:246)
at org.openqa.selenium.remote.RemoteWebDriver.<init>(RemoteWebDriver.java:114)
at org.openqa.selenium.firefox.FirefoxDriver.<init>(FirefoxDriver.java:191)
at org.openqa.selenium.firefox.FirefoxDriver.<init>(FirefoxDriver.java:186)
at org.openqa.selenium.firefox.FirefoxDriver.<init>(FirefoxDriver.java:182)
at org.openqa.selenium.firefox.FirefoxDriver.<init>(FirefoxDriver.java:95)
at example.CrossBrowserScript.setup(CrossBrowserScript.java:28)
at java.base/jdk.internal.reflect.NativeMethodAccessorImpl.invoke0(Native Method)
at java.base/jdk.internal.reflect.NativeMethodAccessorImpl.invoke(NativeMethodAccessorImpl.java:62)
at java.base/jdk.internal.reflect.DelegatingMethodAccessorImpl.invoke(DelegatingMethodAccessorImpl.java:43)
at java.base/java.lang.reflect.Method.invoke(Method.java:564)
at org.testng.internal.MethodInvocationHelper.invokeMethod(MethodInvocationHelper.java:124)
at org.testng.internal.MethodInvocationHelper.invokeMethodConsideringTimeout(MethodInvocationHelper.java:59)
at org.testng.internal.Invoker.invokeConfigurationMethod(Invoker.java:458)
at org.testng.internal.Invoker.invokeConfigurations(Invoker.java:222)
at org.testng.internal.Invoker.invokeConfigurations(Invoker.java:142)
at org.testng.TestRunner.beforeRun(TestRunner.java:529)
at org.testng.TestRunner.run(TestRunner.java:497)
at org.testng.SuiteRunner.runTest(SuiteRunner.java:455)
at org.testng.SuiteRunner.access$000(SuiteRunner.java:40)
at org.testng.SuiteRunner$SuiteWorker.run(SuiteRunner.java:489)
at org.testng.internal.thread.ThreadUtil$1.call(ThreadUtil.java:52)
at java.base/java.util.concurrent.FutureTask.run(FutureTask.java:264)
at java.base/java.util.concurrent.ThreadPoolExecutor.runWorker(ThreadPoolExecutor.java:1135)
at java.base/java.util.concurrent.ThreadPoolExecutor$Worker.run(ThreadPoolExecutor.java:635)
at java.base/java.lang.Thread.run(Thread.java:844)
Caused by: org.openqa.selenium.WebDriverException: java.lang.InterruptedException: Process timed out after waiting for 45000 ms.
Build info: version: '2.45.0', revision: '5017cb8e7ca8e37638dc3091b2440b90a1d8686f', time: '2015-02-27 09:10:26'
System info: host: 'Admin', ip: '192.168.1.7', os.name: 'Windows 8.1', os.arch: 'amd64', os.version: '6.3', java.version: '10'
Driver info: driver.version: FirefoxDriver
at org.openqa.selenium.os.CommandLine.waitFor(CommandLine.java:131)
at org.openqa.selenium.firefox.FirefoxBinary.waitFor(FirefoxBinary.java:222)
at org.openqa.selenium.firefox.FirefoxBinary.clean(FirefoxBinary.java:242)
at org.openqa.selenium.firefox.internal.NewProfileExtensionConnection.start(NewProfileExtensionConnection.java:91)
... 26 more
Caused by: java.lang.InterruptedException: Process timed out after waiting for 45000 ms.
at org.openqa.selenium.os.UnixProcess.waitFor(UnixProcess.java:148)
at org.openqa.selenium.os.CommandLine.waitFor(CommandLine.java:129)
... 29 more
]]>
    </error>
  </testcase> <!-- setup -->
</testsuite> <!-- example.CrossBrowserScript -->
