<?xml version="1.0" encoding="UTF-8"?>
<!-- Generated by org.testng.reporters.JUnitReportReporter -->
<testsuite hostname="Admin" failures="0" tests="1" name="example.NewTest" time="35.892" errors="0" timestamp="17 Jun 2018 11:57:55 GMT" skipped="0">
  <testcase classname="example.NewTest" name="testEasy" time="35.892"/>
</testsuite> <!-- example.NewTest -->
